Release 12.3 - xst M.70d (nt)
Copyright (c) 1995-2010 Xilinx, Inc.  All rights reserved.
--> Parameter TMPDIR set to ../../ToDo und Dokumente/Practice_No_5_Win/Task4_Animation/xst/projnav.tmp


Total REAL time to Xst completion: 1.00 secs
Total CPU time to Xst completion: 0.14 secs
 
--> Parameter xsthdpdir set to ../../ToDo und Dokumente/Practice_No_5_Win/Task4_Animation/xst


Total REAL time to Xst completion: 1.00 secs
Total CPU time to Xst completion: 0.14 secs
 
--> Reading design: E_GENERATE_PARITYBIT.prj

TABLE OF CONTENTS
  1) Synthesis Options Summary
  2) HDL Compilation
  3) Design Hierarchy Analysis
  4) HDL Analysis
  5) HDL Synthesis
     5.1) HDL Synthesis Report
  6) Advanced HDL Synthesis
     6.1) Advanced HDL Synthesis Report
  7) Low Level Synthesis
  8) Partition Report
  9) Final Report
	9.1) Device utilization summary
	9.2) Partition Resource Summary
	9.3) TIMING REPORT


=========================================================================
*                      Synthesis Options Summary                        *
=========================================================================
---- Source Parameters
Input File Name                    : "E_GENERATE_PARITYBIT.prj"
Input Format                       : mixed
Ignore Synthesis Constraint File   : NO

---- Target Parameters
Output File Name                   : "E_GENERATE_PARITYBIT"
Output Format                      : NGC
Target Device                      : xc3s500e-4-fg320

---- Source Options
Top Module Name                    : E_GENERATE_PARITYBIT
Automatic FSM Extraction           : YES
FSM Encoding Algorithm             : Auto
Safe Implementation                : No
FSM Style                          : LUT
RAM Extraction                     : Yes
RAM Style                          : Auto
ROM Extraction                     : Yes
Mux Style                          : Auto
Decoder Extraction                 : YES
Priority Encoder Extraction        : Yes
Shift Register Extraction          : YES
Logical Shifter Extraction         : YES
XOR Collapsing                     : YES
ROM Style                          : Auto
Mux Extraction                     : Yes
Resource Sharing                   : YES
Asynchronous To Synchronous        : NO
Multiplier Style                   : Auto
Automatic Register Balancing       : No

---- Target Options
Add IO Buffers                     : YES
Global Maximum Fanout              : 500
Add Generic Clock Buffer(BUFG)     : 24
Register Duplication               : YES
Slice Packing                      : YES
Optimize Instantiated Primitives   : NO
Use Clock Enable                   : Yes
Use Synchronous Set                : Yes
Use Synchronous Reset              : Yes
Pack IO Registers into IOBs        : Auto
Equivalent register Removal        : YES

---- General Options
Optimization Goal                  : Speed
Optimization Effort                : 1
Keep Hierarchy                     : No
Netlist Hierarchy                  : As_Optimized
RTL Output                         : Yes
Global Optimization                : AllClockNets
Read Cores                         : YES
Write Timing Constraints           : NO
Cross Clock Analysis               : NO
Hierarchy Separator                : /
Bus Delimiter                      : <>
Case Specifier                     : Maintain
Slice Utilization Ratio            : 100
BRAM Utilization Ratio             : 100
Verilog 2001                       : YES
Auto BRAM Packing                  : NO
Slice Utilization Ratio Delta      : 5

=========================================================================


=========================================================================
*                          HDL Compilation                              *
=========================================================================
Compiling vhdl file "C:/Users/Thomes/Desktop/UART/UART VHDL/GENERATE_PARITYBIT.vhd" in Library work.
Entity <e_generate_paritybit> compiled.
Entity <e_generate_paritybit> (Architecture <a_generate_paritybit>) compiled.

=========================================================================
*                     Design Hierarchy Analysis                         *
=========================================================================
Analyzing hierarchy for entity <E_GENERATE_PARITYBIT> in library <work> (architecture <a_generate_paritybit>).


=========================================================================
*                            HDL Analysis                               *
=========================================================================
Analyzing Entity <E_GENERATE_PARITYBIT> in library <work> (Architecture <a_generate_paritybit>).
Entity <E_GENERATE_PARITYBIT> analyzed. Unit <E_GENERATE_PARITYBIT> generated.


=========================================================================
*                           HDL Synthesis                               *
=========================================================================

Performing bidirectional port resolution...

Synthesizing Unit <E_GENERATE_PARITYBIT>.
    Related source file is "C:/Users/Thomes/Desktop/UART/UART VHDL/GENERATE_PARITYBIT.vhd".
    Found 1-bit register for signal <P>.
    Summary:
	inferred   1 D-type flip-flop(s).
Unit <E_GENERATE_PARITYBIT> synthesized.


=========================================================================
HDL Synthesis Report

Macro Statistics
# Registers                                            : 1
 1-bit register                                        : 1

=========================================================================

=========================================================================
*                       Advanced HDL Synthesis                          *
=========================================================================


=========================================================================
Advanced HDL Synthesis Report

Macro Statistics
# Registers                                            : 1
 Flip-Flops                                            : 1

=========================================================================

=========================================================================
*                         Low Level Synthesis                           *
=========================================================================

Optimizing unit <E_GENERATE_PARITYBIT> ...

Mapping all equations...
Building and optimizing final netlist ...
Found area constraint ratio of 100 (+ 5) on block E_GENERATE_PARITYBIT, actual ratio is 0.

Final Macro Processing ...

=========================================================================
Final Register Report

Macro Statistics
# Registers                                            : 1
 Flip-Flops                                            : 1

=========================================================================

=========================================================================
*                           Partition Report                            *
=========================================================================

Partition Implementation Status
-------------------------------

  No Partitions were found in this design.

-------------------------------

=========================================================================
*                            Final Report                               *
=========================================================================
Final Results
RTL Top Level Output File Name     : E_GENERATE_PARITYBIT.ngr
Top Level Output File Name         : E_GENERATE_PARITYBIT
Output Format                      : NGC
Optimization Goal                  : Speed
Keep Hierarchy                     : No

Design Statistics
# IOs                              : 13

Cell Usage :
# BELS                             : 6
#      GND                         : 1
#      INV                         : 1
#      LUT2                        : 1
#      LUT3                        : 1
#      LUT4                        : 2
# FlipFlops/Latches                : 1
#      FDCE                        : 1
# Clock Buffers                    : 1
#      BUFGP                       : 1
# IO Buffers                       : 12
#      IBUF                        : 10
#      OBUF                        : 2
=========================================================================

Device utilization summary:
---------------------------

Selected Device : 3s500efg320-4 

 Number of Slices:                        3  out of   4656     0%  
 Number of Slice Flip Flops:              1  out of   9312     0%  
 Number of 4 input LUTs:                  5  out of   9312     0%  
 Number of IOs:                          13
 Number of bonded IOBs:                  13  out of    232     5%  
 Number of GCLKs:                         1  out of     24     4%  

---------------------------
Partition Resource Summary:
---------------------------

  No Partitions were found in this design.

---------------------------


=========================================================================
TIMING REPORT

NOTE: THESE TIMING NUMBERS ARE ONLY A SYNTHESIS ESTIMATE.
      FOR ACCURATE TIMING INFORMATION PLEASE REFER TO THE TRACE REPORT
      GENERATED AFTER PLACE-and-ROUTE.

Clock Information:
------------------
-----------------------------------+------------------------+-------+
Clock Signal                       | Clock buffer(FF name)  | Load  |
-----------------------------------+------------------------+-------+
E_GENERATE_PARITYBIT_Clock_In      | BUFGP                  | 1     |
-----------------------------------+------------------------+-------+

Asynchronous Control Signals Information:
----------------------------------------
-----------------------------------------------------------------------+------------------------+-------+
Control Signal                                                         | Buffer(FF name)        | Load  |
-----------------------------------------------------------------------+------------------------+-------+
E_GENERATE_PARITYBIT_Reset_inv(E_GENERATE_PARITYBIT_Reset_inv1_INV_0:O)| NONE(P)                | 1     |
-----------------------------------------------------------------------+------------------------+-------+

Timing Summary:
---------------
Speed Grade: -4

   Minimum period: 2.129ns (Maximum Frequency: 469.704MHz)
   Minimum input arrival time before clock: 5.748ns
   Maximum output required time after clock: 4.310ns
   Maximum combinational path delay: No path found

Timing Detail:
--------------
All values displayed in nanoseconds (ns)

=========================================================================
Timing constraint: Default period analysis for Clock 'E_GENERATE_PARITYBIT_Clock_In'
  Clock period: 2.129ns (frequency: 469.704MHz)
  Total number of paths / destination ports: 1 / 1
-------------------------------------------------------------------------
Delay:               2.129ns (Levels of Logic = 1)
  Source:            P (FF)
  Destination:       P (FF)
  Source Clock:      E_GENERATE_PARITYBIT_Clock_In rising
  Destination Clock: E_GENERATE_PARITYBIT_Clock_In rising

  Data Path: P to P
                                Gate     Net
    Cell:in->out      fanout   Delay   Delay  Logical Name (Net Name)
    ----------------------------------------  ------------
     FDCE:C->Q             2   0.591   0.526  P (P)
     LUT2:I1->O            1   0.704   0.000  P_mux00001 (P_mux0000)
     FDCE:D                    0.308          P
    ----------------------------------------
    Total                      2.129ns (1.603ns logic, 0.526ns route)
                                       (75.3% logic, 24.7% route)

=========================================================================
Timing constraint: Default OFFSET IN BEFORE for Clock 'E_GENERATE_PARITYBIT_Clock_In'
  Total number of paths / destination ports: 10 / 2
-------------------------------------------------------------------------
Offset:              5.748ns (Levels of Logic = 4)
  Source:            E_GENERATE_PARITYBIT_Data<0> (PAD)
  Destination:       P (FF)
  Destination Clock: E_GENERATE_PARITYBIT_Clock_In rising

  Data Path: E_GENERATE_PARITYBIT_Data<0> to P
                                Gate     Net
    Cell:in->out      fanout   Delay   Delay  Logical Name (Net Name)
    ----------------------------------------  ------------
     IBUF:I->O             1   1.218   0.595  E_GENERATE_PARITYBIT_Data_0_IBUF (E_GENERATE_PARITYBIT_Data_0_IBUF)
     LUT3:I0->O            1   0.704   0.424  P_not000110 (P_not000110)
     LUT4:I3->O            1   0.704   0.424  P_not000117_SW0 (N0)
     LUT4:I3->O            1   0.704   0.420  P_not000117 (P_not0001)
     FDCE:CE                   0.555          P
    ----------------------------------------
    Total                      5.748ns (3.885ns logic, 1.863ns route)
                                       (67.6% logic, 32.4% route)

=========================================================================
Timing constraint: Default OFFSET OUT AFTER for Clock 'E_GENERATE_PARITYBIT_Clock_In'
  Total number of paths / destination ports: 1 / 1
-------------------------------------------------------------------------
Offset:              4.310ns (Levels of Logic = 1)
  Source:            P (FF)
  Destination:       E_GENERATE_PARITYBIT_Paritiy_Out (PAD)
  Source Clock:      E_GENERATE_PARITYBIT_Clock_In rising

  Data Path: P to E_GENERATE_PARITYBIT_Paritiy_Out
                                Gate     Net
    Cell:in->out      fanout   Delay   Delay  Logical Name (Net Name)
    ----------------------------------------  ------------
     FDCE:C->Q             2   0.591   0.447  P (P)
     OBUF:I->O                 3.272          E_GENERATE_PARITYBIT_Paritiy_Out_OBUF (E_GENERATE_PARITYBIT_Paritiy_Out)
    ----------------------------------------
    Total                      4.310ns (3.863ns logic, 0.447ns route)
                                       (89.6% logic, 10.4% route)

=========================================================================


Total REAL time to Xst completion: 4.00 secs
Total CPU time to Xst completion: 4.08 secs
 
--> 

Total memory usage is 176032 kilobytes

Number of errors   :    0 (   0 filtered)
Number of warnings :    0 (   0 filtered)
Number of infos    :    0 (   0 filtered)

