Release 12.3 - xst M.70d (nt)
Copyright (c) 1995-2010 Xilinx, Inc.  All rights reserved.
--> Parameter TMPDIR set to xst/projnav.tmp


Total REAL time to Xst completion: 0.00 secs
Total CPU time to Xst completion: 0.13 secs
 
--> Parameter xsthdpdir set to xst


Total REAL time to Xst completion: 0.00 secs
Total CPU time to Xst completion: 0.13 secs
 
--> Reading design: E_RX.prj

TABLE OF CONTENTS
  1) Synthesis Options Summary
  2) HDL Compilation
  3) Design Hierarchy Analysis
  4) HDL Analysis
  5) HDL Synthesis
     5.1) HDL Synthesis Report
  6) Advanced HDL Synthesis
     6.1) Advanced HDL Synthesis Report
  7) Low Level Synthesis
  8) Partition Report
  9) Final Report
	9.1) Device utilization summary
	9.2) Partition Resource Summary
	9.3) TIMING REPORT


=========================================================================
*                      Synthesis Options Summary                        *
=========================================================================
---- Source Parameters
Input File Name                    : "E_RX.prj"
Input Format                       : mixed
Ignore Synthesis Constraint File   : NO

---- Target Parameters
Output File Name                   : "E_RX"
Output Format                      : NGC
Target Device                      : xc3s500e-4-fg320

---- Source Options
Top Module Name                    : E_RX
Automatic FSM Extraction           : YES
FSM Encoding Algorithm             : Auto
Safe Implementation                : No
FSM Style                          : LUT
RAM Extraction                     : Yes
RAM Style                          : Auto
ROM Extraction                     : Yes
Mux Style                          : Auto
Decoder Extraction                 : YES
Priority Encoder Extraction        : Yes
Shift Register Extraction          : YES
Logical Shifter Extraction         : YES
XOR Collapsing                     : YES
ROM Style                          : Auto
Mux Extraction                     : Yes
Resource Sharing                   : YES
Asynchronous To Synchronous        : NO
Multiplier Style                   : Auto
Automatic Register Balancing       : No

---- Target Options
Add IO Buffers                     : YES
Global Maximum Fanout              : 500
Add Generic Clock Buffer(BUFG)     : 24
Register Duplication               : YES
Slice Packing                      : YES
Optimize Instantiated Primitives   : NO
Use Clock Enable                   : Yes
Use Synchronous Set                : Yes
Use Synchronous Reset              : Yes
Pack IO Registers into IOBs        : Auto
Equivalent register Removal        : YES

---- General Options
Optimization Goal                  : Speed
Optimization Effort                : 1
Keep Hierarchy                     : No
Netlist Hierarchy                  : As_Optimized
RTL Output                         : Yes
Global Optimization                : AllClockNets
Read Cores                         : YES
Write Timing Constraints           : NO
Cross Clock Analysis               : NO
Hierarchy Separator                : /
Bus Delimiter                      : <>
Case Specifier                     : Maintain
Slice Utilization Ratio            : 100
BRAM Utilization Ratio             : 100
Verilog 2001                       : YES
Auto BRAM Packing                  : NO
Slice Utilization Ratio Delta      : 5

=========================================================================


=========================================================================
*                          HDL Compilation                              *
=========================================================================
Compiling vhdl file "C:/Users/Thomes/Desktop/UART VHDL/DECISION.vhd" in Library work.
Entity <e_decision> compiled.
Entity <e_decision> (Architecture <a_decision>) compiled.
Compiling vhdl file "C:/Users/Thomes/Desktop/UART VHDL/RECEIVCE.vhd" in Library work.
Architecture a_receive of Entity e_receive is up to date.
Compiling vhdl file "C:/Users/Thomes/Desktop/UART VHDL/GENERATE_PARITYBIT.vhd" in Library work.
Architecture a_generate_paritybit of Entity e_generate_paritybit is up to date.
Compiling vhdl file "C:/Users/Thomes/Desktop/UART VHDL/BUFFER.vhd" in Library work.
Architecture a_buffer of Entity e_buffer is up to date.
Compiling vhdl file "C:/Users/Thomes/Desktop/UART VHDL/RX.vhd" in Library work.
Architecture a_rx of Entity e_rx is up to date.

=========================================================================
*                     Design Hierarchy Analysis                         *
=========================================================================
Analyzing hierarchy for entity <E_RX> in library <work> (architecture <a_rx>).

Analyzing hierarchy for entity <E_RECEIVE> in library <work> (architecture <a_receive>).


=========================================================================
*                            HDL Analysis                               *
=========================================================================
Analyzing Entity <E_RX> in library <work> (Architecture <a_rx>).
WARNING:Xst:2211 - "C:/Users/Thomes/Desktop/UART VHDL/RX.vhd" line 126: Instantiating black box module <E_GENERATE_PARITYBIT>.
WARNING:Xst:2211 - "C:/Users/Thomes/Desktop/UART VHDL/RX.vhd" line 137: Instantiating black box module <E_BUFFER>.
Entity <E_RX> analyzed. Unit <E_RX> generated.

Analyzing Entity <E_RECEIVE> in library <work> (Architecture <a_receive>).
WARNING:Xst:2211 - "C:/Users/Thomes/Desktop/UART VHDL/RECEIVCE.vhd" line 75: Instantiating black box module <E_DECISION>.
Entity <E_RECEIVE> analyzed. Unit <E_RECEIVE> generated.


=========================================================================
*                           HDL Synthesis                               *
=========================================================================

Performing bidirectional port resolution...

Synthesizing Unit <E_RECEIVE>.
    Related source file is "C:/Users/Thomes/Desktop/UART VHDL/RECEIVCE.vhd".
WARNING:Xst:646 - Signal <S_RECEIVE_Paritybit> is assigned but never used. This unconnected signal will be trimmed during the optimization process.
WARNING:Xst:646 - Signal <S_RECEIVE_One_or_two_Stoppbits> is assigned but never used. This unconnected signal will be trimmed during the optimization process.
WARNING:Xst:646 - Signal <S_RECEIVE_Enable> is assigned but never used. This unconnected signal will be trimmed during the optimization process.
WARNING:Xst:653 - Signal <S_RECEIVE_Data_Out_Length> is used but never assigned. This sourceless signal will be automatically connected to value 00000000.
WARNING:Xst:653 - Signal <S_RECEIVE_Data_Out> is used but never assigned. This sourceless signal will be automatically connected to value 00000000.
WARNING:Xst:646 - Signal <S_RECEIVE_Baudrate_5x> is assigned but never used. This unconnected signal will be trimmed during the optimization process.
WARNING:Xst:646 - Signal <S_RECEIVE_Baudrate> is assigned but never used. This unconnected signal will be trimmed during the optimization process.
WARNING:Xst:653 - Signal <S_DECISION_Value3> is used but never assigned. This sourceless signal will be automatically connected to value 0.
WARNING:Xst:653 - Signal <S_DECISION_Value2> is used but never assigned. This sourceless signal will be automatically connected to value 0.
WARNING:Xst:653 - Signal <S_DECISION_Value1> is used but never assigned. This sourceless signal will be automatically connected to value 0.
WARNING:Xst:646 - Signal <S_DECISION_Result> is assigned but never used. This unconnected signal will be trimmed during the optimization process.
Unit <E_RECEIVE> synthesized.


Synthesizing Unit <E_RX>.
    Related source file is "C:/Users/Thomes/Desktop/UART VHDL/RX.vhd".
WARNING:Xst:646 - Signal <S_RX_Enable> is assigned but never used. This unconnected signal will be trimmed during the optimization process.
WARNING:Xst:653 - Signal <S_RX_Data_Out_Length> is used but never assigned. This sourceless signal will be automatically connected to value 00000000.
WARNING:Xst:653 - Signal <S_RX_Data_Out> is used but never assigned. This sourceless signal will be automatically connected to value 00000000.
WARNING:Xst:653 - Signal <S_RECEIVE_Enable> is used but never assigned. This sourceless signal will be automatically connected to value 0.
WARNING:Xst:646 - Signal <S_RECEIVE_Data_Out_Length> is assigned but never used. This unconnected signal will be trimmed during the optimization process.
WARNING:Xst:646 - Signal <S_RECEIVE_Data> is assigned but never used. This unconnected signal will be trimmed during the optimization process.
WARNING:Xst:646 - Signal <S_GENERATE_PARITYBIT_Paritiy_Out> is assigned but never used. This unconnected signal will be trimmed during the optimization process.
WARNING:Xst:653 - Signal <S_GENERATE_PARITYBIT_Enable> is used but never assigned. This sourceless signal will be automatically connected to value 0.
WARNING:Xst:653 - Signal <S_GENERATE_PARITYBIT_Data> is used but never assigned. This sourceless signal will be automatically connected to value 00000000.
WARNING:Xst:653 - Signal <S_BUFFER_Save> is used but never assigned. This sourceless signal will be automatically connected to value 0.
WARNING:Xst:646 - Signal <S_BUFFER_Load> is assigned but never used. This unconnected signal will be trimmed during the optimization process.
WARNING:Xst:646 - Signal <S_BUFFER_Length> is assigned but never used. This unconnected signal will be trimmed during the optimization process.
WARNING:Xst:646 - Signal <S_BUFFER_Data_Out> is assigned but never used. This unconnected signal will be trimmed during the optimization process.
WARNING:Xst:653 - Signal <S_BUFFER_Data_In> is used but never assigned. This sourceless signal will be automatically connected to value 00000000.
Unit <E_RX> synthesized.


=========================================================================
HDL Synthesis Report

Found no macro
=========================================================================

=========================================================================
*                       Advanced HDL Synthesis                          *
=========================================================================


=========================================================================
Advanced HDL Synthesis Report

Found no macro
=========================================================================

=========================================================================
*                         Low Level Synthesis                           *
=========================================================================

Optimizing unit <E_RX> ...

Mapping all equations...
Building and optimizing final netlist ...
Found area constraint ratio of 100 (+ 5) on block E_RX, actual ratio is 0.

Final Macro Processing ...

=========================================================================
Final Register Report

Found no macro
=========================================================================

=========================================================================
*                           Partition Report                            *
=========================================================================

Partition Implementation Status
-------------------------------

  No Partitions were found in this design.

-------------------------------

=========================================================================
*                            Final Report                               *
=========================================================================
Final Results
RTL Top Level Output File Name     : E_RX.ngr
Top Level Output File Name         : E_RX
Output Format                      : NGC
Optimization Goal                  : Speed
Keep Hierarchy                     : No

Design Statistics
# IOs                              : 23

Cell Usage :
# BELS                             : 1
#      GND                         : 1
# IO Buffers                       : 18
#      IBUF                        : 2
#      OBUF                        : 16
# Others                           : 3
#      E_BUFFER                    : 1
#      E_DECISION                  : 1
#      E_GENERATE_PARITYBIT        : 1
=========================================================================

Device utilization summary:
---------------------------

Selected Device : 3s500efg320-4 

 Number of Slices:                        0  out of   4656     0%  
 Number of IOs:                          23
 Number of bonded IOBs:                  18  out of    232     7%  

---------------------------
Partition Resource Summary:
---------------------------

  No Partitions were found in this design.

---------------------------


=========================================================================
TIMING REPORT

NOTE: THESE TIMING NUMBERS ARE ONLY A SYNTHESIS ESTIMATE.
      FOR ACCURATE TIMING INFORMATION PLEASE REFER TO THE TRACE REPORT
      GENERATED AFTER PLACE-and-ROUTE.

Clock Information:
------------------
No clock signals found in this design

Asynchronous Control Signals Information:
----------------------------------------
No asynchronous control signals found in this design

Timing Summary:
---------------
Speed Grade: -4

   Minimum period: No path found
   Minimum input arrival time before clock: No path found
   Maximum output required time after clock: No path found
   Maximum combinational path delay: 1.218ns

Timing Detail:
--------------
All values displayed in nanoseconds (ns)

=========================================================================
Timing constraint: Default path analysis
  Total number of paths / destination ports: 6 / 6
-------------------------------------------------------------------------
Delay:               1.218ns (Levels of Logic = 1)
  Source:            E_RX_Reset (PAD)
  Destination:       C_GENERATE_PARITYBIT:E_GENERATE_PARITYBIT_Reset (PAD)

  Data Path: E_RX_Reset to C_GENERATE_PARITYBIT:E_GENERATE_PARITYBIT_Reset
                                Gate     Net
    Cell:in->out      fanout   Delay   Delay  Logical Name (Net Name)
    ----------------------------------------  ------------
     IBUF:I->O             0   1.218   0.000  E_RX_Reset_IBUF (E_RX_Reset_IBUF)
    E_GENERATE_PARITYBIT:E_GENERATE_PARITYBIT_Reset        0.000          C_GENERATE_PARITYBIT
    ----------------------------------------
    Total                      1.218ns (1.218ns logic, 0.000ns route)
                                       (100.0% logic, 0.0% route)

=========================================================================


Total REAL time to Xst completion: 4.00 secs
Total CPU time to Xst completion: 4.00 secs
 
--> 

Total memory usage is 176096 kilobytes

Number of errors   :    0 (   0 filtered)
Number of warnings :   28 (   0 filtered)
Number of infos    :    0 (   0 filtered)

