Release 12.1 - xst M.53d (lin)
Copyright (c) 1995-2010 Xilinx, Inc.  All rights reserved.
--> 
Parameter TMPDIR set to ../../ToDo und Dokumente/Practice_No_5_Win/Task4_Animation/xst/projnav.tmp


Total REAL time to Xst completion: 0.00 secs
Total CPU time to Xst completion: 0.06 secs
 
--> 
Parameter xsthdpdir set to ../../ToDo und Dokumente/Practice_No_5_Win/Task4_Animation/xst


Total REAL time to Xst completion: 0.00 secs
Total CPU time to Xst completion: 0.06 secs
 
--> 
Reading design: E_TRANSMITT.prj

TABLE OF CONTENTS
  1) Synthesis Options Summary
  2) HDL Compilation
  3) Design Hierarchy Analysis
  4) HDL Analysis
  5) HDL Synthesis
     5.1) HDL Synthesis Report
  6) Advanced HDL Synthesis
     6.1) Advanced HDL Synthesis Report
  7) Low Level Synthesis
  8) Partition Report
  9) Final Report
	9.1) Device utilization summary
	9.2) Partition Resource Summary
	9.3) TIMING REPORT


=========================================================================
*                      Synthesis Options Summary                        *
=========================================================================
---- Source Parameters
Input File Name                    : "E_TRANSMITT.prj"
Input Format                       : mixed
Ignore Synthesis Constraint File   : NO

---- Target Parameters
Output File Name                   : "E_TRANSMITT"
Output Format                      : NGC
Target Device                      : xc3s500e-4-fg320

---- Source Options
Top Module Name                    : E_TRANSMITT
Automatic FSM Extraction           : YES
FSM Encoding Algorithm             : Auto
Safe Implementation                : No
FSM Style                          : lut
RAM Extraction                     : Yes
RAM Style                          : Auto
ROM Extraction                     : Yes
Mux Style                          : Auto
Decoder Extraction                 : YES
Priority Encoder Extraction        : YES
Shift Register Extraction          : YES
Logical Shifter Extraction         : YES
XOR Collapsing                     : YES
ROM Style                          : Auto
Mux Extraction                     : YES
Resource Sharing                   : YES
Asynchronous To Synchronous        : NO
Multiplier Style                   : auto
Automatic Register Balancing       : No

---- Target Options
Add IO Buffers                     : YES
Global Maximum Fanout              : 500
Add Generic Clock Buffer(BUFG)     : 24
Register Duplication               : YES
Slice Packing                      : YES
Optimize Instantiated Primitives   : NO
Use Clock Enable                   : Yes
Use Synchronous Set                : Yes
Use Synchronous Reset              : Yes
Pack IO Registers into IOBs        : auto
Equivalent register Removal        : YES

---- General Options
Optimization Goal                  : Speed
Optimization Effort                : 1
Library Search Order               : E_TRANSMITT.lso
Keep Hierarchy                     : NO
Netlist Hierarchy                  : as_optimized
RTL Output                         : Yes
Global Optimization                : AllClockNets
Read Cores                         : YES
Write Timing Constraints           : NO
Cross Clock Analysis               : NO
Hierarchy Separator                : /
Bus Delimiter                      : <>
Case Specifier                     : maintain
Slice Utilization Ratio            : 100
BRAM Utilization Ratio             : 100
Verilog 2001                       : YES
Auto BRAM Packing                  : NO
Slice Utilization Ratio Delta      : 5

=========================================================================


=========================================================================
*                          HDL Compilation                              *
=========================================================================
Compiling vhdl file "/home/g12a/UART/UART VHDL/TRANSMITT.vhd" in Library work.
Entity <e_transmitt> compiled.
Entity <e_transmitt> (Architecture <a_transmitt>) compiled.

=========================================================================
*                     Design Hierarchy Analysis                         *
=========================================================================
Analyzing hierarchy for entity <E_TRANSMITT> in library <work> (architecture <a_transmitt>).


=========================================================================
*                            HDL Analysis                               *
=========================================================================
Analyzing Entity <E_TRANSMITT> in library <work> (Architecture <a_transmitt>).
Entity <E_TRANSMITT> analyzed. Unit <E_TRANSMITT> generated.


=========================================================================
*                           HDL Synthesis                               *
=========================================================================

Performing bidirectional port resolution...

Synthesizing Unit <E_TRANSMITT>.
    Related source file is "/home/g12a/UART/UART VHDL/TRANSMITT.vhd".
    Found 1-bit register for signal <Busy_Flag>.
    Found 32-bit register for signal <Current_State>.
    Found 32-bit adder for signal <Current_State$addsub0000> created at line 112.
    Found 32-bit 4-to-1 multiplexer for signal <Current_State$mux0000>.
    Found 1-bit register for signal <Last_Baudrate_Value>.
    Found 1-bit register for signal <Serial_Out>.
    Summary:
	inferred   3 D-type flip-flop(s).
	inferred   1 Adder/Subtractor(s).
	inferred  32 Multiplexer(s).
Unit <E_TRANSMITT> synthesized.


=========================================================================
HDL Synthesis Report

Macro Statistics
# Adders/Subtractors                                   : 1
 32-bit adder                                          : 1
# Registers                                            : 4
 1-bit register                                        : 3
 32-bit register                                       : 1
# Multiplexers                                         : 1
 32-bit 4-to-1 multiplexer                             : 1

=========================================================================

=========================================================================
*                       Advanced HDL Synthesis                          *
=========================================================================


=========================================================================
Advanced HDL Synthesis Report

Macro Statistics
# Adders/Subtractors                                   : 1
 32-bit adder                                          : 1
# Registers                                            : 35
 Flip-Flops                                            : 35
# Multiplexers                                         : 1
 32-bit 4-to-1 multiplexer                             : 1

=========================================================================

=========================================================================
*                         Low Level Synthesis                           *
=========================================================================

Optimizing unit <E_TRANSMITT> ...

Mapping all equations...
Building and optimizing final netlist ...
Found area constraint ratio of 100 (+ 5) on block E_TRANSMITT, actual ratio is 2.

Final Macro Processing ...

=========================================================================
Final Register Report

Macro Statistics
# Registers                                            : 35
 Flip-Flops                                            : 35

=========================================================================

=========================================================================
*                           Partition Report                            *
=========================================================================

Partition Implementation Status
-------------------------------

  No Partitions were found in this design.

-------------------------------

=========================================================================
*                            Final Report                               *
=========================================================================
Final Results
RTL Top Level Output File Name     : E_TRANSMITT.ngr
Top Level Output File Name         : E_TRANSMITT
Output Format                      : NGC
Optimization Goal                  : Speed
Keep Hierarchy                     : NO

Design Statistics
# IOs                              : 16

Cell Usage :
# BELS                             : 274
#      GND                         : 1
#      INV                         : 2
#      LUT1                        : 31
#      LUT2                        : 6
#      LUT2_D                      : 1
#      LUT2_L                      : 2
#      LUT3                        : 5
#      LUT3_D                      : 4
#      LUT3_L                      : 2
#      LUT4                        : 104
#      LUT4_D                      : 5
#      LUT4_L                      : 31
#      MUXCY                       : 46
#      MUXF5                       : 1
#      VCC                         : 1
#      XORCY                       : 32
# FlipFlops/Latches                : 35
#      FDCE                        : 28
#      FDE                         : 2
#      FDPE                        : 5
# Clock Buffers                    : 1
#      BUFGP                       : 1
# IO Buffers                       : 15
#      IBUF                        : 13
#      OBUF                        : 2
=========================================================================

Device utilization summary:
---------------------------

Selected Device : 3s500efg320-4 

 Number of Slices:                      101  out of   4656     2%  
 Number of Slice Flip Flops:             35  out of   9312     0%  
 Number of 4 input LUTs:                193  out of   9312     2%  
 Number of IOs:                          16
 Number of bonded IOBs:                  16  out of    232     6%  
 Number of GCLKs:                         1  out of     24     4%  

---------------------------
Partition Resource Summary:
---------------------------

  No Partitions were found in this design.

---------------------------


=========================================================================
TIMING REPORT

NOTE: THESE TIMING NUMBERS ARE ONLY A SYNTHESIS ESTIMATE.
      FOR ACCURATE TIMING INFORMATION PLEASE REFER TO THE TRACE REPORT
      GENERATED AFTER PLACE-and-ROUTE.

Clock Information:
------------------
-----------------------------------+------------------------+-------+
Clock Signal                       | Clock buffer(FF name)  | Load  |
-----------------------------------+------------------------+-------+
E_TRANSMITT_Clock_In               | BUFGP                  | 35    |
-----------------------------------+------------------------+-------+

Asynchronous Control Signals Information:
----------------------------------------
-------------------------------------------------------+------------------------+-------+
Control Signal                                         | Buffer(FF name)        | Load  |
-------------------------------------------------------+------------------------+-------+
Current_State_Acst_inv(Current_State_Acst_inv1_INV_0:O)| NONE(Current_State_0)  | 33    |
-------------------------------------------------------+------------------------+-------+

Timing Summary:
---------------
Speed Grade: -4

   Minimum period: 7.924ns (Maximum Frequency: 126.205MHz)
   Minimum input arrival time before clock: 7.026ns
   Maximum output required time after clock: 4.310ns
   Maximum combinational path delay: No path found

Timing Detail:
--------------
All values displayed in nanoseconds (ns)

=========================================================================
Timing constraint: Default period analysis for Clock 'E_TRANSMITT_Clock_In'
  Clock period: 7.924ns (frequency: 126.205MHz)
  Total number of paths / destination ports: 3755 / 68
-------------------------------------------------------------------------
Delay:               7.924ns (Levels of Logic = 11)
  Source:            Current_State_26 (FF)
  Destination:       Serial_Out (FF)
  Source Clock:      E_TRANSMITT_Clock_In rising
  Destination Clock: E_TRANSMITT_Clock_In rising

  Data Path: Current_State_26 to Serial_Out
                                Gate     Net
    Cell:in->out      fanout   Delay   Delay  Logical Name (Net Name)
    ----------------------------------------  ------------
     FDCE:C->Q             5   0.591   0.808  Current_State_26 (Current_State_26)
     LUT2:I0->O            1   0.704   0.000  Current_State_and0000_wg_lut<0> (Current_State_and0000_wg_lut<0>)
     MUXCY:S->O            1   0.464   0.000  Current_State_and0000_wg_cy<0> (Current_State_and0000_wg_cy<0>)
     MUXCY:CI->O           1   0.059   0.000  Current_State_and0000_wg_cy<1> (Current_State_and0000_wg_cy<1>)
     MUXCY:CI->O           1   0.059   0.000  Current_State_and0000_wg_cy<2> (Current_State_and0000_wg_cy<2>)
     MUXCY:CI->O           1   0.059   0.000  Current_State_and0000_wg_cy<3> (Current_State_and0000_wg_cy<3>)
     MUXCY:CI->O           1   0.059   0.000  Current_State_and0000_wg_cy<4> (Current_State_and0000_wg_cy<4>)
     MUXCY:CI->O           1   0.059   0.000  Current_State_and0000_wg_cy<5> (Current_State_and0000_wg_cy<5>)
     MUXCY:CI->O          65   0.459   1.277  Current_State_and0000_wg_cy<6> (Current_State_and0000)
     LUT4:I3->O            2   0.704   0.482  Serial_Out_mux000011 (N11)
     LUT4:I2->O            1   0.704   0.424  Serial_Out_mux0000105 (Serial_Out_mux0000105)
     LUT4:I3->O            1   0.704   0.000  Serial_Out_mux0000208 (Serial_Out_mux0000)
     FDPE:D                    0.308          Serial_Out
    ----------------------------------------
    Total                      7.924ns (4.933ns logic, 2.991ns route)
                                       (62.3% logic, 37.7% route)

=========================================================================
Timing constraint: Default OFFSET IN BEFORE for Clock 'E_TRANSMITT_Clock_In'
  Total number of paths / destination ports: 191 / 69
-------------------------------------------------------------------------
Offset:              7.026ns (Levels of Logic = 5)
  Source:            E_TRANSMITT_Enable (PAD)
  Destination:       Current_State_31 (FF)
  Destination Clock: E_TRANSMITT_Clock_In rising

  Data Path: E_TRANSMITT_Enable to Current_State_31
                                Gate     Net
    Cell:in->out      fanout   Delay   Delay  Logical Name (Net Name)
    ----------------------------------------  ------------
     IBUF:I->O             7   1.218   0.883  E_TRANSMITT_Enable_IBUF (E_TRANSMITT_Enable_IBUF)
     LUT4:I0->O           52   0.704   1.273  Current_State_mux0001<0>11 (N13)
     LUT4:I3->O            1   0.704   0.424  Mmux_Current_State_mux0000110162_SW0 (N167)
     LUT4_L:I3->LO         1   0.704   0.104  Mmux_Current_State_mux000012_SW1 (N108)
     LUT4:I3->O            1   0.704   0.000  Mmux_Current_State_mux000012 (Current_State_mux0000<14>)
     FDCE:D                    0.308          Current_State_17
    ----------------------------------------
    Total                      7.026ns (4.342ns logic, 2.684ns route)
                                       (61.8% logic, 38.2% route)

=========================================================================
Timing constraint: Default OFFSET OUT AFTER for Clock 'E_TRANSMITT_Clock_In'
  Total number of paths / destination ports: 2 / 2
-------------------------------------------------------------------------
Offset:              4.310ns (Levels of Logic = 1)
  Source:            Serial_Out (FF)
  Destination:       E_TRANSMITT_Serial_Out (PAD)
  Source Clock:      E_TRANSMITT_Clock_In rising

  Data Path: Serial_Out to E_TRANSMITT_Serial_Out
                                Gate     Net
    Cell:in->out      fanout   Delay   Delay  Logical Name (Net Name)
    ----------------------------------------  ------------
     FDPE:C->Q             2   0.591   0.447  Serial_Out (Serial_Out)
     OBUF:I->O                 3.272          E_TRANSMITT_Serial_Out_OBUF (E_TRANSMITT_Serial_Out)
    ----------------------------------------
    Total                      4.310ns (3.863ns logic, 0.447ns route)
                                       (89.6% logic, 10.4% route)

=========================================================================


Total REAL time to Xst completion: 5.00 secs
Total CPU time to Xst completion: 4.41 secs
 
--> 


Total memory usage is 152672 kilobytes

Number of errors   :    0 (   0 filtered)
Number of warnings :    0 (   0 filtered)
Number of infos    :    0 (   0 filtered)

