Command line:
   E_TRANSMITT_isim_beh.exe
     -simmode  gui
     -simrunnum  0
     -socket  51420

Sun Dec 05 16:45:26 2010


 Elaboration Time: 0.0312 sec

 Current Memory Usage: 342.811 Meg

 Total Signals          : 14
 Total Nets             : 21
 Total Signal Drivers   : 7
 Total Blocks           : 2
 Total Primitive Blocks : 2
 Total Processes        : 3
 Total Traceable Variables  : 10
 Total Scalar Nets and Variables : 383
Total Line Count : 26

 Total Simulation Time: 3.55682 sec

 Current Memory Usage: 342.811 Meg

Sun Dec 05 16:50:14 2010

